2016-04-29T02:29:16+00:00 cinnamon#00 I: Runner: processes
2016-04-29T02:29:16+00:00 cinnamon#00 I: Chooser: simple
2016-04-29T02:29:16+00:00 cinnamon#00 I: Configuration suite_name = "suite"
2016-04-29T02:29:16+00:00 cinnamon#00 I: Configuration cache_filename = "/home/tkusuno1/cs75/labs/hundred-pacer-tkusuno1-tlai1/_build/oUnit-$(suite_name).cache"
2016-04-29T02:29:16+00:00 cinnamon#00 I: Configuration display = "true"
2016-04-29T02:29:16+00:00 cinnamon#00 I: Configuration results_style_1_X = "false"
2016-04-29T02:29:16+00:00 cinnamon#00 I: Configuration verbose = "false"
2016-04-29T02:29:16+00:00 cinnamon#00 I: Configuration health_check_interval = "1."
2016-04-29T02:29:16+00:00 cinnamon#00 I: Configuration testdata_dir = "none"
2016-04-29T02:29:16+00:00 cinnamon#00 I: Configuration chooser = "simple"
2016-04-29T02:29:16+00:00 cinnamon#00 I: Configuration output_html_dir = "none"
2016-04-29T02:29:16+00:00 cinnamon#00 I: Configuration processes_kill_period = "5."
2016-04-29T02:29:16+00:00 cinnamon#00 I: Configuration runner = "processes"
2016-04-29T02:29:16+00:00 cinnamon#00 I: Configuration shards = "4"
2016-04-29T02:29:16+00:00 cinnamon#00 I: Configuration processes_grace_period = "5."
2016-04-29T02:29:16+00:00 cinnamon#00 I: Configuration log_encoding = "utf-8"
2016-04-29T02:29:16+00:00 cinnamon#00 I: Configuration output_junit_file = "none"
2016-04-29T02:29:16+00:00 cinnamon#00 I: Configuration output_file = "/home/tkusuno1/cs75/labs/hundred-pacer-tkusuno1-tlai1/_build/oUnit-$(suite_name)-$(shard_id).log"
2016-04-29T02:29:16+00:00 cinnamon#00 I: Using 4 workers maximum.
2016-04-29T02:29:16+00:00 cinnamon#00 I: Starting worker number cinnamon#01.
2016-04-29T02:29:16+00:00 cinnamon#00 I: Worker cinnamon#01 started.
2016-04-29T02:29:16+00:00 cinnamon#00 I: Starting worker number cinnamon#02.
2016-04-29T02:29:16+00:00 cinnamon#00 I: Worker cinnamon#02 started.
2016-04-29T02:29:16+00:00 cinnamon#00 I: Starting worker number cinnamon#03.
2016-04-29T02:29:16+00:00 cinnamon#00 I: Worker cinnamon#03 started.
2016-04-29T02:29:16+00:00 cinnamon#00 I: Starting worker number cinnamon#04.
2016-04-29T02:29:16+00:00 cinnamon#00 I: Worker cinnamon#04 started.
2016-04-29T02:29:16+00:00 cinnamon#00 I: 4 tests running: suite:3:writeup2, suite:2:writeup1, suite:1:simple, suite:0:d0.
2016-04-29T02:29:16+00:00 cinnamon#01 I: Start test suite:0:d0.
2016-04-29T02:29:16+00:00 cinnamon#00 I: 4 tests running: suite:3:writeup2, suite:2:writeup1, suite:1:simple, suite:0:d0.
2016-04-29T02:29:16+00:00 cinnamon#01 I: Test suite:0:d0 is successful.
2016-04-29T02:29:16+00:00 cinnamon#00 I: 4 tests running: suite:3:writeup2, suite:2:writeup1, suite:1:simple, suite:0:d0.
2016-04-29T02:29:16+00:00 cinnamon#01 I: End test suite:0:d0.
2016-04-29T02:29:16+00:00 cinnamon#00 I: 4 tests running: suite:3:writeup2, suite:2:writeup1, suite:1:simple, suite:0:d0.
2016-04-29T02:29:16+00:00 cinnamon#00 I: 4 tests running: suite:4:tail_recursion, suite:3:writeup2, suite:2:writeup1, suite:1:simple.
2016-04-29T02:29:16+00:00 cinnamon#01 I: Start test suite:4:tail_recursion.
2016-04-29T02:29:16+00:00 cinnamon#00 I: 4 tests running: suite:4:tail_recursion, suite:3:writeup2, suite:2:writeup1, suite:1:simple.
2016-04-29T02:29:16+00:00 cinnamon#01 I: Test suite:4:tail_recursion is successful.
2016-04-29T02:29:16+00:00 cinnamon#00 I: 4 tests running: suite:4:tail_recursion, suite:3:writeup2, suite:2:writeup1, suite:1:simple.
2016-04-29T02:29:16+00:00 cinnamon#01 I: End test suite:4:tail_recursion.
2016-04-29T02:29:16+00:00 cinnamon#00 I: 4 tests running: suite:4:tail_recursion, suite:3:writeup2, suite:2:writeup1, suite:1:simple.
2016-04-29T02:29:16+00:00 cinnamon#00 I: 4 tests running: suite:5:lecture, suite:3:writeup2, suite:2:writeup1, suite:1:simple.
2016-04-29T02:29:16+00:00 cinnamon#01 I: Start test suite:5:lecture.
2016-04-29T02:29:16+00:00 cinnamon#00 I: 4 tests running: suite:5:lecture, suite:3:writeup2, suite:2:writeup1, suite:1:simple.
2016-04-29T02:29:16+00:00 cinnamon#01 I: Test suite:5:lecture is successful.
2016-04-29T02:29:16+00:00 cinnamon#00 I: 4 tests running: suite:5:lecture, suite:3:writeup2, suite:2:writeup1, suite:1:simple.
2016-04-29T02:29:16+00:00 cinnamon#01 I: End test suite:5:lecture.
2016-04-29T02:29:16+00:00 cinnamon#00 I: 4 tests running: suite:5:lecture, suite:3:writeup2, suite:2:writeup1, suite:1:simple.
2016-04-29T02:29:16+00:00 cinnamon#00 I: 4 tests running: suite:6:overloadd, suite:3:writeup2, suite:2:writeup1, suite:1:simple.
2016-04-29T02:29:16+00:00 cinnamon#01 I: Start test suite:6:overloadd.
2016-04-29T02:29:16+00:00 cinnamon#00 I: 4 tests running: suite:6:overloadd, suite:3:writeup2, suite:2:writeup1, suite:1:simple.
2016-04-29T02:29:16+00:00 cinnamon#01 I: Test suite:6:overloadd is successful.
2016-04-29T02:29:16+00:00 cinnamon#00 I: 4 tests running: suite:6:overloadd, suite:3:writeup2, suite:2:writeup1, suite:1:simple.
2016-04-29T02:29:16+00:00 cinnamon#01 I: End test suite:6:overloadd.
2016-04-29T02:29:16+00:00 cinnamon#00 I: 4 tests running: suite:6:overloadd, suite:3:writeup2, suite:2:writeup1, suite:1:simple.
2016-04-29T02:29:16+00:00 cinnamon#00 I: 4 tests running: suite:7:c0, suite:3:writeup2, suite:2:writeup1, suite:1:simple.
2016-04-29T02:29:16+00:00 cinnamon#01 I: Start test suite:7:c0.
2016-04-29T02:29:16+00:00 cinnamon#00 I: 4 tests running: suite:7:c0, suite:3:writeup2, suite:2:writeup1, suite:1:simple.
2016-04-29T02:29:16+00:00 cinnamon#01 I: Test suite:7:c0 is successful.
2016-04-29T02:29:16+00:00 cinnamon#00 I: 4 tests running: suite:7:c0, suite:3:writeup2, suite:2:writeup1, suite:1:simple.
2016-04-29T02:29:16+00:00 cinnamon#01 I: End test suite:7:c0.
2016-04-29T02:29:16+00:00 cinnamon#00 I: 4 tests running: suite:7:c0, suite:3:writeup2, suite:2:writeup1, suite:1:simple.
2016-04-29T02:29:16+00:00 cinnamon#00 I: 4 tests running: suite:8:simplec, suite:3:writeup2, suite:2:writeup1, suite:1:simple.
2016-04-29T02:29:16+00:00 cinnamon#01 I: Start test suite:8:simplec.
2016-04-29T02:29:16+00:00 cinnamon#00 I: 4 tests running: suite:8:simplec, suite:3:writeup2, suite:2:writeup1, suite:1:simple.
2016-04-29T02:29:16+00:00 cinnamon#01 I: Test suite:8:simplec is successful.
2016-04-29T02:29:16+00:00 cinnamon#00 I: 4 tests running: suite:8:simplec, suite:3:writeup2, suite:2:writeup1, suite:1:simple.
2016-04-29T02:29:16+00:00 cinnamon#01 I: End test suite:8:simplec.
2016-04-29T02:29:16+00:00 cinnamon#00 I: 4 tests running: suite:8:simplec, suite:3:writeup2, suite:2:writeup1, suite:1:simple.
2016-04-29T02:29:16+00:00 cinnamon#00 I: 4 tests running: suite:9:writeup1c, suite:3:writeup2, suite:2:writeup1, suite:1:simple.
2016-04-29T02:29:16+00:00 cinnamon#01 I: Start test suite:9:writeup1c.
2016-04-29T02:29:16+00:00 cinnamon#00 I: 4 tests running: suite:9:writeup1c, suite:3:writeup2, suite:2:writeup1, suite:1:simple.
2016-04-29T02:29:16+00:00 cinnamon#01 I: Test suite:9:writeup1c is successful.
2016-04-29T02:29:16+00:00 cinnamon#00 I: 4 tests running: suite:9:writeup1c, suite:3:writeup2, suite:2:writeup1, suite:1:simple.
2016-04-29T02:29:16+00:00 cinnamon#01 I: End test suite:9:writeup1c.
2016-04-29T02:29:16+00:00 cinnamon#00 I: 4 tests running: suite:9:writeup1c, suite:3:writeup2, suite:2:writeup1, suite:1:simple.
2016-04-29T02:29:16+00:00 cinnamon#00 I: 4 tests running: suite:10:writeup2c, suite:3:writeup2, suite:2:writeup1, suite:1:simple.
2016-04-29T02:29:16+00:00 cinnamon#01 I: Start test suite:10:writeup2c.
2016-04-29T02:29:16+00:00 cinnamon#00 I: 4 tests running: suite:10:writeup2c, suite:3:writeup2, suite:2:writeup1, suite:1:simple.
2016-04-29T02:29:16+00:00 cinnamon#01 I: Test suite:10:writeup2c is successful.
2016-04-29T02:29:16+00:00 cinnamon#00 I: 4 tests running: suite:10:writeup2c, suite:3:writeup2, suite:2:writeup1, suite:1:simple.
2016-04-29T02:29:16+00:00 cinnamon#01 I: End test suite:10:writeup2c.
2016-04-29T02:29:16+00:00 cinnamon#00 I: 4 tests running: suite:10:writeup2c, suite:3:writeup2, suite:2:writeup1, suite:1:simple.
2016-04-29T02:29:16+00:00 cinnamon#00 I: 4 tests running: suite:11:tail_recursion, suite:3:writeup2, suite:2:writeup1, suite:1:simple.
2016-04-29T02:29:16+00:00 cinnamon#01 I: Start test suite:11:tail_recursion.
2016-04-29T02:29:16+00:00 cinnamon#00 I: 4 tests running: suite:11:tail_recursion, suite:3:writeup2, suite:2:writeup1, suite:1:simple.
2016-04-29T02:29:16+00:00 cinnamon#01 I: Test suite:11:tail_recursion is successful.
2016-04-29T02:29:16+00:00 cinnamon#00 I: 4 tests running: suite:11:tail_recursion, suite:3:writeup2, suite:2:writeup1, suite:1:simple.
2016-04-29T02:29:16+00:00 cinnamon#01 I: End test suite:11:tail_recursion.
2016-04-29T02:29:16+00:00 cinnamon#00 I: 4 tests running: suite:11:tail_recursion, suite:3:writeup2, suite:2:writeup1, suite:1:simple.
2016-04-29T02:29:16+00:00 cinnamon#00 I: 4 tests running: suite:12:lecture, suite:3:writeup2, suite:2:writeup1, suite:1:simple.
2016-04-29T02:29:16+00:00 cinnamon#01 I: Start test suite:12:lecture.
2016-04-29T02:29:16+00:00 cinnamon#00 I: 4 tests running: suite:12:lecture, suite:3:writeup2, suite:2:writeup1, suite:1:simple.
2016-04-29T02:29:16+00:00 cinnamon#01 E: Test suite:12:lecture exited with an error.
2016-04-29T02:29:16+00:00 cinnamon#01 E: Failure("Not found in findknown") in test suite:12:lecture.
2016-04-29T02:29:16+00:00 cinnamon#01 E: Raised at file "pervasives.ml", line 30, characters 22-33
2016-04-29T02:29:16+00:00 cinnamon#01 E: Called from file "list.ml", line 73, characters 12-15
2016-04-29T02:29:16+00:00 cinnamon#01 E: Called from file "src/oUnitRunner.ml", line 46, characters 13-26
2016-04-29T02:29:16+00:00 cinnamon#01 E: 
2016-04-29T02:29:16+00:00 cinnamon#00 I: 4 tests running: suite:12:lecture, suite:3:writeup2, suite:2:writeup1, suite:1:simple.
2016-04-29T02:29:16+00:00 cinnamon#01 I: End test suite:12:lecture.
2016-04-29T02:29:16+00:00 cinnamon#00 I: 4 tests running: suite:12:lecture, suite:3:writeup2, suite:2:writeup1, suite:1:simple.
2016-04-29T02:29:16+00:00 cinnamon#00 I: Still 4 tests running : suite:13:overloadc, suite:3:writeup2, suite:2:writeup1, suite:1:simple.
2016-04-29T02:29:16+00:00 cinnamon#00 I: 4 tests running: suite:13:overloadc, suite:3:writeup2, suite:2:writeup1, suite:1:simple.
2016-04-29T02:29:16+00:00 cinnamon#01 I: Start test suite:13:overloadc.
2016-04-29T02:29:16+00:00 cinnamon#00 I: Still 4 tests running : suite:13:overloadc, suite:3:writeup2, suite:2:writeup1, suite:1:simple.
2016-04-29T02:29:16+00:00 cinnamon#00 I: 4 tests running: suite:13:overloadc, suite:3:writeup2, suite:2:writeup1, suite:1:simple.
2016-04-29T02:29:16+00:00 cinnamon#02 I: Start test suite:1:simple.
2016-04-29T02:29:16+00:00 cinnamon#03 I: Start test suite:2:writeup1.
2016-04-29T02:29:16+00:00 cinnamon#00 I: Still 4 tests running : suite:13:overloadc, suite:3:writeup2, suite:2:writeup1, suite:1:simple.
2016-04-29T02:29:16+00:00 cinnamon#00 I: 4 tests running: suite:13:overloadc, suite:3:writeup2, suite:2:writeup1, suite:1:simple.
2016-04-29T02:29:16+00:00 cinnamon#04 I: Start test suite:3:writeup2.
2016-04-29T02:29:16+00:00 cinnamon#00 I: Still 4 tests running : suite:13:overloadc, suite:3:writeup2, suite:2:writeup1, suite:1:simple.
2016-04-29T02:29:16+00:00 cinnamon#00 I: 4 tests running: suite:13:overloadc, suite:3:writeup2, suite:2:writeup1, suite:1:simple.
2016-04-29T02:29:16+00:00 cinnamon#03 I: Test suite:2:writeup1 is successful.
2016-04-29T02:29:16+00:00 cinnamon#00 I: Still 4 tests running : suite:13:overloadc, suite:3:writeup2, suite:2:writeup1, suite:1:simple.
2016-04-29T02:29:16+00:00 cinnamon#00 I: 4 tests running: suite:13:overloadc, suite:3:writeup2, suite:2:writeup1, suite:1:simple.
2016-04-29T02:29:16+00:00 cinnamon#02 I: Test suite:1:simple is successful.
2016-04-29T02:29:16+00:00 cinnamon#03 I: End test suite:2:writeup1.
2016-04-29T02:29:16+00:00 cinnamon#00 I: Still 4 tests running : suite:13:overloadc, suite:3:writeup2, suite:2:writeup1, suite:1:simple.
2016-04-29T02:29:16+00:00 cinnamon#00 I: 4 tests running: suite:13:overloadc, suite:3:writeup2, suite:2:writeup1, suite:1:simple.
2016-04-29T02:29:16+00:00 cinnamon#02 I: End test suite:1:simple.
2016-04-29T02:29:16+00:00 cinnamon#00 I: Still 3 tests running : suite:13:overloadc, suite:3:writeup2, suite:1:simple.
2016-04-29T02:29:16+00:00 cinnamon#00 I: 3 tests running: suite:13:overloadc, suite:3:writeup2, suite:1:simple.
2016-04-29T02:29:16+00:00 cinnamon#04 I: Test suite:3:writeup2 is successful.
2016-04-29T02:29:16+00:00 cinnamon#00 I: Still 2 tests running : suite:13:overloadc, suite:3:writeup2.
2016-04-29T02:29:16+00:00 cinnamon#00 I: 2 tests running: suite:13:overloadc, suite:3:writeup2.
2016-04-29T02:29:16+00:00 cinnamon#04 I: End test suite:3:writeup2.
2016-04-29T02:29:16+00:00 cinnamon#00 I: Still 2 tests running : suite:13:overloadc, suite:3:writeup2.
2016-04-29T02:29:16+00:00 cinnamon#00 I: 2 tests running: suite:13:overloadc, suite:3:writeup2.
2016-04-29T02:29:16+00:00 cinnamon#00 I: Still 1 tests running : suite:13:overloadc.
2016-04-29T02:29:16+00:00 cinnamon#00 I: 1 tests running: suite:13:overloadc.
2016-04-29T02:29:17+00:00 cinnamon#00 I: Still 1 tests running : suite:13:overloadc.
2016-04-29T02:29:17+00:00 cinnamon#00 I: 1 tests running: suite:13:overloadc.
2016-04-29T02:29:18+00:00 cinnamon#01 I: Test suite:13:overloadc is successful.
2016-04-29T02:29:18+00:00 cinnamon#00 I: Still 1 tests running : suite:13:overloadc.
2016-04-29T02:29:18+00:00 cinnamon#00 I: 1 tests running: suite:13:overloadc.
2016-04-29T02:29:18+00:00 cinnamon#01 I: End test suite:13:overloadc.
2016-04-29T02:29:18+00:00 cinnamon#00 I: Still 1 tests running : suite:13:overloadc.
2016-04-29T02:29:18+00:00 cinnamon#00 I: 1 tests running: suite:13:overloadc.
2016-04-29T02:29:18+00:00 cinnamon#00 I: 0 tests running: .
2016-04-29T02:29:18+00:00 cinnamon#00 I: Worker cinnamon#03 has ended.
2016-04-29T02:29:18+00:00 cinnamon#00 I: Worker cinnamon#02 has ended.
2016-04-29T02:29:18+00:00 cinnamon#00 I: Worker cinnamon#04 has ended.
2016-04-29T02:29:18+00:00 cinnamon#00 I: Worker cinnamon#01 has ended.
2016-04-29T02:29:18+00:00 cinnamon#00 I: Used 4 worker during test execution.
2016-04-29T02:29:18+00:00 cinnamon#00 I: Run 1 tests with shard cinnamon#04.
2016-04-29T02:29:18+00:00 cinnamon#00 I: Run 1 tests with shard cinnamon#03.
2016-04-29T02:29:18+00:00 cinnamon#00 I: Run 11 tests with shard cinnamon#01.
2016-04-29T02:29:18+00:00 cinnamon#00 I: Run 1 tests with shard cinnamon#02.
2016-04-29T02:29:18+00:00 cinnamon#00 I: Check health of shard cinnamon#01, 1 times.
2016-04-29T02:29:18+00:00 cinnamon#00 I: ==============
2016-04-29T02:29:18+00:00 cinnamon#00 I: Summary:
2016-04-29T02:29:18+00:00 cinnamon#00 I: Test suite:13:overloadc is successful.
2016-04-29T02:29:18+00:00 cinnamon#00 I: Test suite:3:writeup2 is successful.
2016-04-29T02:29:18+00:00 cinnamon#00 I: Test suite:1:simple is successful.
2016-04-29T02:29:18+00:00 cinnamon#00 I: Test suite:2:writeup1 is successful.
2016-04-29T02:29:18+00:00 cinnamon#00 E: Test suite:12:lecture exited with an error.
2016-04-29T02:29:18+00:00 cinnamon#00 E: Failure("Not found in findknown") in test suite:12:lecture.
2016-04-29T02:29:18+00:00 cinnamon#00 E: Raised at file "pervasives.ml", line 30, characters 22-33
2016-04-29T02:29:18+00:00 cinnamon#00 E: Called from file "list.ml", line 73, characters 12-15
2016-04-29T02:29:18+00:00 cinnamon#00 E: Called from file "src/oUnitRunner.ml", line 46, characters 13-26
2016-04-29T02:29:18+00:00 cinnamon#00 E: 
2016-04-29T02:29:18+00:00 cinnamon#00 I: Test suite:11:tail_recursion is successful.
2016-04-29T02:29:18+00:00 cinnamon#00 I: Test suite:10:writeup2c is successful.
2016-04-29T02:29:18+00:00 cinnamon#00 I: Test suite:9:writeup1c is successful.
2016-04-29T02:29:18+00:00 cinnamon#00 I: Test suite:8:simplec is successful.
2016-04-29T02:29:18+00:00 cinnamon#00 I: Test suite:7:c0 is successful.
2016-04-29T02:29:18+00:00 cinnamon#00 I: Test suite:6:overloadd is successful.
2016-04-29T02:29:18+00:00 cinnamon#00 I: Test suite:5:lecture is successful.
2016-04-29T02:29:18+00:00 cinnamon#00 I: Test suite:4:tail_recursion is successful.
2016-04-29T02:29:18+00:00 cinnamon#00 I: Test suite:0:d0 is successful.
2016-04-29T02:29:18+00:00 cinnamon#00 I: Ran: 14 tests in: 1.69 seconds.
2016-04-29T02:29:18+00:00 cinnamon#00 I: Cases: 14.
2016-04-29T02:29:18+00:00 cinnamon#00 I: Tried: 14.
2016-04-29T02:29:18+00:00 cinnamon#00 I: Errors: 1.
2016-04-29T02:29:18+00:00 cinnamon#00 I: Failures: 0.
2016-04-29T02:29:18+00:00 cinnamon#00 I: Skip: 0.
2016-04-29T02:29:18+00:00 cinnamon#00 I: Todo: 0.
2016-04-29T02:29:18+00:00 cinnamon#00 I: Timeout: 0.
