2016-04-28T01:16:21+00:00 cheese#00 I: Runner: processes
2016-04-28T01:16:21+00:00 cheese#00 I: Chooser: simple
2016-04-28T01:16:21+00:00 cheese#00 I: Configuration suite_name = "suite"
2016-04-28T01:16:21+00:00 cheese#00 I: Configuration cache_filename = "/home/tkusuno1/cs75/labs/hundred-pacer-tkusuno1-tlai1/_build/oUnit-$(suite_name).cache"
2016-04-28T01:16:21+00:00 cheese#00 I: Configuration display = "true"
2016-04-28T01:16:21+00:00 cheese#00 I: Configuration results_style_1_X = "false"
2016-04-28T01:16:21+00:00 cheese#00 I: Configuration verbose = "false"
2016-04-28T01:16:21+00:00 cheese#00 I: Configuration health_check_interval = "1."
2016-04-28T01:16:21+00:00 cheese#00 I: Configuration testdata_dir = "none"
2016-04-28T01:16:21+00:00 cheese#00 I: Configuration chooser = "simple"
2016-04-28T01:16:21+00:00 cheese#00 I: Configuration output_html_dir = "none"
2016-04-28T01:16:21+00:00 cheese#00 I: Configuration processes_kill_period = "5."
2016-04-28T01:16:21+00:00 cheese#00 I: Configuration runner = "processes"
2016-04-28T01:16:21+00:00 cheese#00 I: Configuration shards = "4"
2016-04-28T01:16:21+00:00 cheese#00 I: Configuration processes_grace_period = "5."
2016-04-28T01:16:21+00:00 cheese#00 I: Configuration log_encoding = "utf-8"
2016-04-28T01:16:21+00:00 cheese#00 I: Configuration output_junit_file = "none"
2016-04-28T01:16:21+00:00 cheese#00 I: Configuration output_file = "/home/tkusuno1/cs75/labs/hundred-pacer-tkusuno1-tlai1/_build/oUnit-$(suite_name)-$(shard_id).log"
2016-04-28T01:16:21+00:00 cheese#00 I: Using 4 workers maximum.
2016-04-28T01:16:21+00:00 cheese#00 I: Starting worker number cheese#01.
2016-04-28T01:16:21+00:00 cheese#00 I: Worker cheese#01 started.
2016-04-28T01:16:21+00:00 cheese#00 I: Starting worker number cheese#02.
2016-04-28T01:16:21+00:00 cheese#00 I: Worker cheese#02 started.
2016-04-28T01:16:21+00:00 cheese#00 I: Starting worker number cheese#03.
2016-04-28T01:16:21+00:00 cheese#00 I: Worker cheese#03 started.
2016-04-28T01:16:21+00:00 cheese#00 I: Starting worker number cheese#04.
2016-04-28T01:16:21+00:00 cheese#00 I: Worker cheese#04 started.
2016-04-28T01:16:21+00:00 cheese#00 I: 4 tests running: suite:3:writeup2, suite:2:writeup1, suite:1:simple, suite:0:d0.
2016-04-28T01:16:21+00:00 cheese#01 I: Start test suite:0:d0.
2016-04-28T01:16:21+00:00 cheese#00 I: 4 tests running: suite:3:writeup2, suite:2:writeup1, suite:1:simple, suite:0:d0.
2016-04-28T01:16:21+00:00 cheese#01 I: Test suite:0:d0 is successful.
2016-04-28T01:16:21+00:00 cheese#00 I: 4 tests running: suite:3:writeup2, suite:2:writeup1, suite:1:simple, suite:0:d0.
2016-04-28T01:16:21+00:00 cheese#01 I: End test suite:0:d0.
2016-04-28T01:16:21+00:00 cheese#00 I: 4 tests running: suite:3:writeup2, suite:2:writeup1, suite:1:simple, suite:0:d0.
2016-04-28T01:16:21+00:00 cheese#00 I: 4 tests running: suite:4:tail_recursion, suite:3:writeup2, suite:2:writeup1, suite:1:simple.
2016-04-28T01:16:21+00:00 cheese#01 I: Start test suite:4:tail_recursion.
2016-04-28T01:16:21+00:00 cheese#00 I: 4 tests running: suite:4:tail_recursion, suite:3:writeup2, suite:2:writeup1, suite:1:simple.
2016-04-28T01:16:21+00:00 cheese#01 I: Test suite:4:tail_recursion is successful.
2016-04-28T01:16:21+00:00 cheese#00 I: 4 tests running: suite:4:tail_recursion, suite:3:writeup2, suite:2:writeup1, suite:1:simple.
2016-04-28T01:16:21+00:00 cheese#01 I: End test suite:4:tail_recursion.
2016-04-28T01:16:21+00:00 cheese#00 I: 4 tests running: suite:4:tail_recursion, suite:3:writeup2, suite:2:writeup1, suite:1:simple.
2016-04-28T01:16:21+00:00 cheese#00 I: Still 4 tests running : suite:5:lecture, suite:3:writeup2, suite:2:writeup1, suite:1:simple.
2016-04-28T01:16:21+00:00 cheese#00 I: 4 tests running: suite:5:lecture, suite:3:writeup2, suite:2:writeup1, suite:1:simple.
2016-04-28T01:16:21+00:00 cheese#01 I: Start test suite:5:lecture.
2016-04-28T01:16:21+00:00 cheese#00 I: Still 4 tests running : suite:5:lecture, suite:3:writeup2, suite:2:writeup1, suite:1:simple.
2016-04-28T01:16:21+00:00 cheese#00 I: 4 tests running: suite:5:lecture, suite:3:writeup2, suite:2:writeup1, suite:1:simple.
2016-04-28T01:16:21+00:00 cheese#01 I: Test suite:5:lecture is successful.
2016-04-28T01:16:21+00:00 cheese#00 I: Still 4 tests running : suite:5:lecture, suite:3:writeup2, suite:2:writeup1, suite:1:simple.
2016-04-28T01:16:21+00:00 cheese#00 I: 4 tests running: suite:5:lecture, suite:3:writeup2, suite:2:writeup1, suite:1:simple.
2016-04-28T01:16:21+00:00 cheese#01 I: End test suite:5:lecture.
2016-04-28T01:16:21+00:00 cheese#00 I: Still 4 tests running : suite:5:lecture, suite:3:writeup2, suite:2:writeup1, suite:1:simple.
2016-04-28T01:16:21+00:00 cheese#00 I: 4 tests running: suite:5:lecture, suite:3:writeup2, suite:2:writeup1, suite:1:simple.
2016-04-28T01:16:21+00:00 cheese#00 I: Still 3 tests running : suite:3:writeup2, suite:2:writeup1, suite:1:simple.
2016-04-28T01:16:21+00:00 cheese#00 I: 3 tests running: suite:3:writeup2, suite:2:writeup1, suite:1:simple.
2016-04-28T01:16:21+00:00 cheese#02 I: Start test suite:1:simple.
2016-04-28T01:16:21+00:00 cheese#00 I: Still 3 tests running : suite:3:writeup2, suite:2:writeup1, suite:1:simple.
2016-04-28T01:16:21+00:00 cheese#00 I: 3 tests running: suite:3:writeup2, suite:2:writeup1, suite:1:simple.
2016-04-28T01:16:21+00:00 cheese#03 I: Start test suite:2:writeup1.
2016-04-28T01:16:21+00:00 cheese#04 I: Start test suite:3:writeup2.
2016-04-28T01:16:21+00:00 cheese#00 I: Still 3 tests running : suite:3:writeup2, suite:2:writeup1, suite:1:simple.
2016-04-28T01:16:21+00:00 cheese#00 I: 3 tests running: suite:3:writeup2, suite:2:writeup1, suite:1:simple.
2016-04-28T01:16:21+00:00 cheese#03 I: Test suite:2:writeup1 is successful.
2016-04-28T01:16:21+00:00 cheese#00 I: Still 3 tests running : suite:3:writeup2, suite:2:writeup1, suite:1:simple.
2016-04-28T01:16:21+00:00 cheese#00 I: 3 tests running: suite:3:writeup2, suite:2:writeup1, suite:1:simple.
2016-04-28T01:16:21+00:00 cheese#02 I: Test suite:1:simple is successful.
2016-04-28T01:16:21+00:00 cheese#03 I: End test suite:2:writeup1.
2016-04-28T01:16:21+00:00 cheese#00 I: Still 3 tests running : suite:3:writeup2, suite:2:writeup1, suite:1:simple.
2016-04-28T01:16:21+00:00 cheese#00 I: 3 tests running: suite:3:writeup2, suite:2:writeup1, suite:1:simple.
2016-04-28T01:16:21+00:00 cheese#02 I: End test suite:1:simple.
2016-04-28T01:16:21+00:00 cheese#04 I: Test suite:3:writeup2 is successful.
2016-04-28T01:16:21+00:00 cheese#00 I: Still 2 tests running : suite:3:writeup2, suite:1:simple.
2016-04-28T01:16:21+00:00 cheese#00 I: 2 tests running: suite:3:writeup2, suite:1:simple.
2016-04-28T01:16:21+00:00 cheese#04 I: End test suite:3:writeup2.
2016-04-28T01:16:21+00:00 cheese#00 I: Still 1 tests running : suite:3:writeup2.
2016-04-28T01:16:21+00:00 cheese#00 I: 1 tests running: suite:3:writeup2.
2016-04-28T01:16:21+00:00 cheese#00 I: 0 tests running: .
2016-04-28T01:16:21+00:00 cheese#00 I: Worker cheese#01 has ended.
2016-04-28T01:16:21+00:00 cheese#00 I: Worker cheese#03 has ended.
2016-04-28T01:16:21+00:00 cheese#00 I: Worker cheese#02 has ended.
2016-04-28T01:16:21+00:00 cheese#00 I: Worker cheese#04 has ended.
2016-04-28T01:16:21+00:00 cheese#00 I: Used 4 worker during test execution.
2016-04-28T01:16:21+00:00 cheese#00 I: Run 1 tests with shard cheese#03.
2016-04-28T01:16:21+00:00 cheese#00 I: Run 1 tests with shard cheese#02.
2016-04-28T01:16:21+00:00 cheese#00 I: Run 3 tests with shard cheese#01.
2016-04-28T01:16:21+00:00 cheese#00 I: Run 1 tests with shard cheese#04.
2016-04-28T01:16:21+00:00 cheese#00 I: ==============
2016-04-28T01:16:21+00:00 cheese#00 I: Summary:
2016-04-28T01:16:21+00:00 cheese#00 I: Test suite:3:writeup2 is successful.
2016-04-28T01:16:21+00:00 cheese#00 I: Test suite:1:simple is successful.
2016-04-28T01:16:21+00:00 cheese#00 I: Test suite:2:writeup1 is successful.
2016-04-28T01:16:21+00:00 cheese#00 I: Test suite:5:lecture is successful.
2016-04-28T01:16:21+00:00 cheese#00 I: Test suite:4:tail_recursion is successful.
2016-04-28T01:16:21+00:00 cheese#00 I: Test suite:0:d0 is successful.
2016-04-28T01:16:21+00:00 cheese#00 I: Ran: 6 tests in: 0.17 seconds.
2016-04-28T01:16:21+00:00 cheese#00 I: Cases: 6.
2016-04-28T01:16:21+00:00 cheese#00 I: Tried: 6.
2016-04-28T01:16:21+00:00 cheese#00 I: Errors: 0.
2016-04-28T01:16:21+00:00 cheese#00 I: Failures: 0.
2016-04-28T01:16:21+00:00 cheese#00 I: Skip: 0.
2016-04-28T01:16:21+00:00 cheese#00 I: Todo: 0.
2016-04-28T01:16:21+00:00 cheese#00 I: Timeout: 0.
